Application/app/build/intermediates/manifest_merge_blame_file/debug/manifest-merger-blame-debug-report.txt
1<?xml version="1.0" encoding="utf-8"?>
2<manifest xmlns:android="http://schemas.android.com/apk/res/android"
3    package="com.masai.quickit"
4    android:versionCode="1"
5    android:versionName="1.0" >
6
7    <uses-sdk
8        android:minSdkVersion="21"
8-->src/main/AndroidManifest.xml
9        android:targetSdkVersion="30" />
9-->src/main/AndroidManifest.xml
10
11    <!-- Permission will be merged into the manifest of the hosting app. -->
12    <!-- Is required to launch foreground extraction service for targetSdkVersion 28+. -->
13    <uses-permission android:name="android.permission.FOREGROUND_SERVICE" />
13-->[com.google.android.play:core:1.9.1] AndroidManifest.xml:8:3-74
13-->[com.google.android.play:core:1.9.1] AndroidManifest.xml:8:20-72
14
15    <application
15-->src/main/AndroidManifest.xml:5:5-20:19
16        android:name="com.masai.quickit.QuickItApp"
16-->src/main/AndroidManifest.xml:6:9-35
17        android:allowBackup="true"
17-->src/main/AndroidManifest.xml:7:9-35
18        android:appComponentFactory="androidx.core.app.CoreComponentFactory"
18-->[androidx.core:core:1.5.0] AndroidManifest.xml:24:18-86
19        android:debuggable="true"
20        android:icon="@mipmap/ic_launcher"
20-->src/main/AndroidManifest.xml:8:9-43
21        android:label="@string/app_name"
21-->src/main/AndroidManifest.xml:9:9-41
22        android:roundIcon="@mipmap/ic_launcher_round"
22-->src/main/AndroidManifest.xml:10:9-54
23        android:supportsRtl="true"
23-->src/main/AndroidManifest.xml:11:9-35
24        android:testOnly="true"
25        android:theme="@style/Theme.QuickIt" >
25-->src/main/AndroidManifest.xml:12:9-45
26        <activity android:name="com.masai.quickit.ui.view.MainActivity" >
26-->src/main/AndroidManifest.xml:13:9-19:20
26-->src/main/AndroidManifest.xml:13:19-55
27            <intent-filter>
27-->src/main/AndroidManifest.xml:14:13-18:29
28                <action android:name="android.intent.action.MAIN" />
28-->src/main/AndroidManifest.xml:15:17-69
28-->src/main/AndroidManifest.xml:15:25-66
29
30                <category android:name="android.intent.category.LAUNCHER" />
30-->src/main/AndroidManifest.xml:17:17-77
30-->src/main/AndroidManifest.xml:17:27-74
31            </intent-filter>
32        </activity>
33
34        <provider
34-->[android.arch.lifecycle:extensions:1.1.1] AndroidManifest.xml:23:9-27:43
35            android:name="android.arch.lifecycle.ProcessLifecycleOwnerInitializer"
35-->[android.arch.lifecycle:extensions:1.1.1] AndroidManifest.xml:24:13-83
36            android:authorities="com.masai.quickit.lifecycle-trojan"
36-->[android.arch.lifecycle:extensions:1.1.1] AndroidManifest.xml:25:13-68
37            android:exported="false"
37-->[android.arch.lifecycle:extensions:1.1.1] AndroidManifest.xml:26:13-37
38            android:multiprocess="true" />
38-->[android.arch.lifecycle:extensions:1.1.1] AndroidManifest.xml:27:13-40
39        <provider
39-->[androidx.profileinstaller:profileinstaller:1.0.0-beta01] AndroidManifest.xml:26:9-34:20
40            android:name="androidx.startup.InitializationProvider"
40-->[androidx.profileinstaller:profileinstaller:1.0.0-beta01] AndroidManifest.xml:27:13-67
41            android:authorities="com.masai.quickit.androidx-startup"
41-->[androidx.profileinstaller:profileinstaller:1.0.0-beta01] AndroidManifest.xml:28:13-68
42            android:exported="false" >
42-->[androidx.profileinstaller:profileinstaller:1.0.0-beta01] AndroidManifest.xml:29:13-37
43            <meta-data
43-->[androidx.profileinstaller:profileinstaller:1.0.0-beta01] AndroidManifest.xml:31:13-33:52
44                android:name="androidx.profileinstaller.ProfileInstallerInitializer"
44-->[androidx.profileinstaller:profileinstaller:1.0.0-beta01] AndroidManifest.xml:32:17-85
45                android:value="androidx.startup" />
45-->[androidx.profileinstaller:profileinstaller:1.0.0-beta01] AndroidManifest.xml:33:17-49
46        </provider>
47
48        <receiver
48-->[androidx.profileinstaller:profileinstaller:1.0.0-beta01] AndroidManifest.xml:36:9-45:20
49            android:name="androidx.profileinstaller.ProfileInstallReceiver"
49-->[androidx.profileinstaller:profileinstaller:1.0.0-beta01] AndroidManifest.xml:37:13-76
50            android:directBootAware="false"
50-->[androidx.profileinstaller:profileinstaller:1.0.0-beta01] AndroidManifest.xml:38:13-44
51            android:enabled="true"
51-->[androidx.profileinstaller:profileinstaller:1.0.0-beta01] AndroidManifest.xml:39:13-35
52            android:exported="true"
52-->[androidx.profileinstaller:profileinstaller:1.0.0-beta01] AndroidManifest.xml:40:13-36
53            android:permission="android.permission.DUMP" >
53-->[androidx.profileinstaller:profileinstaller:1.0.0-beta01] AndroidManifest.xml:41:13-57
54            <intent-filter>
54-->[androidx.profileinstaller:profileinstaller:1.0.0-beta01] AndroidManifest.xml:42:13-44:29
55                <action android:name="androidx.profileinstaller.action.INSTALL_PROFILE" />
55-->[androidx.profileinstaller:profileinstaller:1.0.0-beta01] AndroidManifest.xml:43:17-91
55-->[androidx.profileinstaller:profileinstaller:1.0.0-beta01] AndroidManifest.xml:43:25-88
56            </intent-filter>
57        </receiver>
58
59        <meta-data
59-->[com.android.support:support-fragment:26.1.0] AndroidManifest.xml:26:9-28:38
60            android:name="android.support.VERSION"
60-->[com.android.support:support-fragment:26.1.0] AndroidManifest.xml:27:13-51
61            android:value="26.1.0" /> <!-- The activities will be merged into the manifest of the hosting app. -->
61-->[com.android.support:support-fragment:26.1.0] AndroidManifest.xml:28:13-35
62        <activity
62-->[com.google.android.play:core:1.9.1] AndroidManifest.xml:12:5-271
63            android:name="com.google.android.play.core.missingsplits.PlayCoreMissingSplitsActivity"
63-->[com.google.android.play:core:1.9.1] AndroidManifest.xml:12:15-102
64            android:enabled="false"
64-->[com.google.android.play:core:1.9.1] AndroidManifest.xml:12:103-126
65            android:exported="false"
65-->[com.google.android.play:core:1.9.1] AndroidManifest.xml:12:127-151
66            android:launchMode="singleInstance"
66-->[com.google.android.play:core:1.9.1] AndroidManifest.xml:12:204-239
67            android:process=":playcore_missing_splits_activity"
67-->[com.google.android.play:core:1.9.1] AndroidManifest.xml:12:152-203
68            android:stateNotNeeded="true" />
68-->[com.google.android.play:core:1.9.1] AndroidManifest.xml:12:240-269
69        <activity
69-->[com.google.android.play:core:1.9.1] AndroidManifest.xml:13:5-226
70            android:name="com.google.android.play.core.common.PlayCoreDialogWrapperActivity"
70-->[com.google.android.play:core:1.9.1] AndroidManifest.xml:13:15-95
71            android:enabled="false"
71-->[com.google.android.play:core:1.9.1] AndroidManifest.xml:13:96-119
72            android:exported="false"
72-->[com.google.android.play:core:1.9.1] AndroidManifest.xml:13:120-144
73            android:stateNotNeeded="true"
73-->[com.google.android.play:core:1.9.1] AndroidManifest.xml:13:145-174
74            android:theme="@style/Theme.PlayCore.Transparent" /> <!-- The services will be merged into the manifest of the hosting app. -->
74-->[com.google.android.play:core:1.9.1] AndroidManifest.xml:13:175-224
75        <service
75-->[com.google.android.play:core:1.9.1] AndroidManifest.xml:16:5-18:15
76            android:name="com.google.android.play.core.assetpacks.AssetPackExtractionService"
76-->[com.google.android.play:core:1.9.1] AndroidManifest.xml:16:14-95
77            android:enabled="false"
77-->[com.google.android.play:core:1.9.1] AndroidManifest.xml:16:96-119
78            android:exported="true" >
78-->[com.google.android.play:core:1.9.1] AndroidManifest.xml:16:120-143
79            <meta-data
79-->[com.google.android.play:core:1.9.1] AndroidManifest.xml:17:7-108
80                android:name="com.google.android.play.core.assetpacks.versionCode"
80-->[com.google.android.play:core:1.9.1] AndroidManifest.xml:17:18-84
81                android:value="10901" />
81-->[com.google.android.play:core:1.9.1] AndroidManifest.xml:17:85-106
82        </service>
83        <service
83-->[com.google.android.play:core:1.9.1] AndroidManifest.xml:19:5-147
84            android:name="com.google.android.play.core.assetpacks.ExtractionForegroundService"
84-->[com.google.android.play:core:1.9.1] AndroidManifest.xml:19:14-96
85            android:enabled="false"
85-->[com.google.android.play:core:1.9.1] AndroidManifest.xml:19:97-120
86            android:exported="false" />
86-->[com.google.android.play:core:1.9.1] AndroidManifest.xml:19:121-145
87    </application>
88
89</manifest>